<?xml version="1.0" encoding="UTF-8"?>
<!-- Generated by org.testng.reporters.JUnitXMLReporter -->
<testsuite ignored="0" hostname="SameerRuddin" failures="0" tests="3" name="Default test" time="0.089" errors="0" timestamp="2022-11-09T14:09:15 IST">
  <testcase classname="practicetestng.TestngDummy8" name="testmethod" time="0.019"/>
  <testcase classname="practicetestng.TestngDummy8" name="testmethod" time="0.002"/>
  <testcase classname="practicetestng.TestngDummy8" name="testmethod" time="0.002"/>
</testsuite> <!-- Default test -->
