<?xml version="1.0" encoding="UTF-8"?>
<!-- Generated by org.testng.reporters.JUnitXMLReporter -->
<testsuite ignored="0" hostname="SameerRuddin" failures="0" tests="10" name="Test1" time="0.133" errors="0" timestamp="2022-10-26T12:20:12 IST">
  <testcase classname="org.karishma.framework.Dummy11" name="numbersaddition" time="0.014"/>
  <testcase classname="org.karishma.framework.Dummy11" name="numbersaddition" time="0.001"/>
  <testcase classname="org.karishma.framework.Dummy11" name="numbersdivision" time="0.002"/>
  <testcase classname="org.karishma.framework.Dummy11" name="numbersdivision" time="0.002"/>
  <testcase classname="org.karishma.framework.Dummy11" name="numbersmultiply" time="0.006"/>
  <testcase classname="org.karishma.framework.Dummy11" name="numbersmultiply" time="0.002"/>
  <testcase classname="org.karishma.framework.Dummy11" name="numberssubstract" time="0.002"/>
  <testcase classname="org.karishma.framework.Dummy11" name="numberssubstract" time="0.002"/>
  <testcase classname="org.karishma.framework.Dummy11" name="stringconcat" time="0.003"/>
  <testcase classname="org.karishma.framework.Dummy11" name="stringconcat" time="0.001"/>
</testsuite> <!-- Test1 -->
