<?xml version="1.0" encoding="UTF-8"?>
<!-- Generated by org.testng.reporters.JUnitXMLReporter -->
<testsuite ignored="0" hostname="SameerRuddin" failures="0" tests="8" name="Test" time="0.107" errors="0" timestamp="2022-11-11T18:10:18 IST">
  <testcase classname="rpack.RdemoTestng$DemoTestng" name="RoneA" time="0.017"/>
  <testcase classname="rpack.RdemoTestng$DemoTestng" name="RoneB" time="0.002"/>
  <testcase classname="rpack.RdemoTestng$DemoTestng" name="RoneC" time="0.001"/>
  <testcase classname="rpack.RdemoTestng$DemoTestng" name="RoneD" time="0.002"/>
  <testcase classname="tpack.DemoTestng" name="oneA" time="0.002"/>
  <testcase classname="tpack.DemoTestng" name="oneB" time="0.001"/>
  <testcase classname="tpack.DemoTestng" name="oneC" time="0.002"/>
  <testcase classname="tpack.DemoTestng" name="oneD" time="0.003"/>
</testsuite> <!-- Test -->
